2023-04-08 18:53:52,702 INFO Connection check task start

2023-04-08 18:53:52,702 INFO Total count =0, sdkCount=0,clusterCount=0, currentLimit=-1, toExpelCount=0

2023-04-08 18:53:52,702 INFO Check over limit for ip limit rule, over limit ip count=0

2023-04-08 18:53:52,702 INFO Out dated connection ,size=0

2023-04-08 18:53:52,702 INFO Connection check task end

2023-04-08 18:53:55,708 INFO Connection check task start

2023-04-08 18:53:55,708 INFO Total count =0, sdkCount=0,clusterCount=0, currentLimit=-1, toExpelCount=0

2023-04-08 18:53:55,708 INFO Check over limit for ip limit rule, over limit ip count=0

2023-04-08 18:53:55,708 INFO Out dated connection ,size=0

2023-04-08 18:53:55,708 INFO Connection check task end

2023-04-08 18:53:58,713 INFO Connection check task start

2023-04-08 18:53:58,714 INFO Total count =0, sdkCount=0,clusterCount=0, currentLimit=-1, toExpelCount=0

2023-04-08 18:53:58,714 INFO Check over limit for ip limit rule, over limit ip count=0

2023-04-08 18:53:58,714 INFO Out dated connection ,size=0

2023-04-08 18:53:58,714 INFO Connection check task end

2023-04-08 18:54:01,715 INFO Connection check task start

2023-04-08 18:54:01,716 INFO Total count =0, sdkCount=0,clusterCount=0, currentLimit=-1, toExpelCount=0

2023-04-08 18:54:01,716 INFO Check over limit for ip limit rule, over limit ip count=0

2023-04-08 18:54:01,716 INFO Out dated connection ,size=0

2023-04-08 18:54:01,716 INFO Connection check task end

2023-04-08 18:54:04,720 INFO Connection check task start

2023-04-08 18:54:04,721 INFO Total count =0, sdkCount=0,clusterCount=0, currentLimit=-1, toExpelCount=0

2023-04-08 18:54:04,721 INFO Check over limit for ip limit rule, over limit ip count=0

2023-04-08 18:54:04,721 INFO Out dated connection ,size=0

2023-04-08 18:54:04,721 INFO Connection check task end

2023-04-08 18:54:07,726 INFO Connection check task start

2023-04-08 18:54:07,727 INFO Total count =0, sdkCount=0,clusterCount=0, currentLimit=-1, toExpelCount=0

2023-04-08 18:54:07,727 INFO Check over limit for ip limit rule, over limit ip count=0

2023-04-08 18:54:07,727 INFO Out dated connection ,size=0

2023-04-08 18:54:07,727 INFO Connection check task end

2023-04-08 18:54:10,732 INFO Connection check task start

2023-04-08 18:54:10,732 INFO Total count =0, sdkCount=0,clusterCount=0, currentLimit=-1, toExpelCount=0

2023-04-08 18:54:10,733 INFO Check over limit for ip limit rule, over limit ip count=0

2023-04-08 18:54:10,733 INFO Out dated connection ,size=0

2023-04-08 18:54:10,733 INFO Connection check task end

2023-04-08 18:54:13,734 INFO Connection check task start

2023-04-08 18:54:13,734 INFO Total count =0, sdkCount=0,clusterCount=0, currentLimit=-1, toExpelCount=0

2023-04-08 18:54:13,734 INFO Check over limit for ip limit rule, over limit ip count=0

2023-04-08 18:54:13,734 INFO Out dated connection ,size=0

2023-04-08 18:54:13,734 INFO Connection check task end

2023-04-08 18:54:16,739 INFO Connection check task start

2023-04-08 18:54:16,739 INFO Total count =0, sdkCount=0,clusterCount=0, currentLimit=-1, toExpelCount=0

2023-04-08 18:54:16,739 INFO Check over limit for ip limit rule, over limit ip count=0

2023-04-08 18:54:16,739 INFO Out dated connection ,size=0

2023-04-08 18:54:16,739 INFO Connection check task end

2023-04-08 18:54:19,745 INFO Connection check task start

2023-04-08 18:54:19,745 INFO Total count =0, sdkCount=0,clusterCount=0, currentLimit=-1, toExpelCount=0

2023-04-08 18:54:19,745 INFO Check over limit for ip limit rule, over limit ip count=0

2023-04-08 18:54:19,745 INFO Out dated connection ,size=0

2023-04-08 18:54:19,745 INFO Connection check task end

2023-04-08 18:54:22,751 INFO Connection check task start

2023-04-08 18:54:22,751 INFO Total count =0, sdkCount=0,clusterCount=0, currentLimit=-1, toExpelCount=0

2023-04-08 18:54:22,751 INFO Check over limit for ip limit rule, over limit ip count=0

2023-04-08 18:54:22,751 INFO Out dated connection ,size=0

2023-04-08 18:54:22,751 INFO Connection check task end

2023-04-08 18:54:25,756 INFO Connection check task start

2023-04-08 18:54:25,757 INFO Total count =0, sdkCount=0,clusterCount=0, currentLimit=-1, toExpelCount=0

2023-04-08 18:54:25,757 INFO Check over limit for ip limit rule, over limit ip count=0

2023-04-08 18:54:25,757 INFO Out dated connection ,size=0

2023-04-08 18:54:25,757 INFO Connection check task end

2023-04-08 18:54:28,762 INFO Connection check task start

2023-04-08 18:54:28,762 INFO Total count =0, sdkCount=0,clusterCount=0, currentLimit=-1, toExpelCount=0

2023-04-08 18:54:28,762 INFO Check over limit for ip limit rule, over limit ip count=0

2023-04-08 18:54:28,763 INFO Out dated connection ,size=0

2023-04-08 18:54:28,763 INFO Connection check task end

2023-04-08 18:54:31,767 INFO Connection check task start

2023-04-08 18:54:31,769 INFO Total count =0, sdkCount=0,clusterCount=0, currentLimit=-1, toExpelCount=0

2023-04-08 18:54:31,769 INFO Check over limit for ip limit rule, over limit ip count=0

2023-04-08 18:54:31,769 INFO Out dated connection ,size=0

2023-04-08 18:54:31,769 INFO Connection check task end

2023-04-08 18:54:34,770 INFO Connection check task start

2023-04-08 18:54:34,770 INFO Total count =0, sdkCount=0,clusterCount=0, currentLimit=-1, toExpelCount=0

2023-04-08 18:54:34,771 INFO Check over limit for ip limit rule, over limit ip count=0

2023-04-08 18:54:34,771 INFO Out dated connection ,size=0

2023-04-08 18:54:34,771 INFO Connection check task end

2023-04-08 18:54:37,773 INFO Connection check task start

2023-04-08 18:54:37,774 INFO Total count =0, sdkCount=0,clusterCount=0, currentLimit=-1, toExpelCount=0

2023-04-08 18:54:37,774 INFO Check over limit for ip limit rule, over limit ip count=0

2023-04-08 18:54:37,774 INFO Out dated connection ,size=0

2023-04-08 18:54:37,774 INFO Connection check task end

2023-04-08 18:54:40,775 INFO Connection check task start

2023-04-08 18:54:40,775 INFO Total count =0, sdkCount=0,clusterCount=0, currentLimit=-1, toExpelCount=0

2023-04-08 18:54:40,775 INFO Check over limit for ip limit rule, over limit ip count=0

2023-04-08 18:54:40,775 INFO Out dated connection ,size=0

2023-04-08 18:54:40,775 INFO Connection check task end

2023-04-08 18:54:43,779 INFO Connection check task start

2023-04-08 18:54:43,779 INFO Total count =0, sdkCount=0,clusterCount=0, currentLimit=-1, toExpelCount=0

2023-04-08 18:54:43,779 INFO Check over limit for ip limit rule, over limit ip count=0

2023-04-08 18:54:43,780 INFO Out dated connection ,size=0

2023-04-08 18:54:43,780 INFO Connection check task end

2023-04-08 18:54:46,780 INFO Connection check task start

2023-04-08 18:54:46,780 INFO Total count =0, sdkCount=0,clusterCount=0, currentLimit=-1, toExpelCount=0

2023-04-08 18:54:46,781 INFO Check over limit for ip limit rule, over limit ip count=0

2023-04-08 18:54:46,781 INFO Out dated connection ,size=0

2023-04-08 18:54:46,781 INFO Connection check task end

2023-04-08 18:54:49,783 INFO Connection check task start

2023-04-08 18:54:49,783 INFO Total count =0, sdkCount=0,clusterCount=0, currentLimit=-1, toExpelCount=0

2023-04-08 18:54:49,783 INFO Check over limit for ip limit rule, over limit ip count=0

2023-04-08 18:54:49,783 INFO Out dated connection ,size=0

2023-04-08 18:54:49,783 INFO Connection check task end

2023-04-08 18:54:52,785 INFO Connection check task start

2023-04-08 18:54:52,786 INFO Total count =0, sdkCount=0,clusterCount=0, currentLimit=-1, toExpelCount=0

2023-04-08 18:54:52,786 INFO Check over limit for ip limit rule, over limit ip count=0

2023-04-08 18:54:52,786 INFO Out dated connection ,size=0

2023-04-08 18:54:52,786 INFO Connection check task end

2023-04-08 18:54:55,791 INFO Connection check task start

2023-04-08 18:54:55,791 INFO Total count =0, sdkCount=0,clusterCount=0, currentLimit=-1, toExpelCount=0

2023-04-08 18:54:55,791 INFO Check over limit for ip limit rule, over limit ip count=0

2023-04-08 18:54:55,791 INFO Out dated connection ,size=0

2023-04-08 18:54:55,791 INFO Connection check task end

2023-04-08 18:54:58,792 INFO Connection check task start

2023-04-08 18:54:58,792 INFO Total count =0, sdkCount=0,clusterCount=0, currentLimit=-1, toExpelCount=0

2023-04-08 18:54:58,793 INFO Check over limit for ip limit rule, over limit ip count=0

2023-04-08 18:54:58,793 INFO Out dated connection ,size=0

2023-04-08 18:54:58,793 INFO Connection check task end

2023-04-08 18:55:01,793 INFO Connection check task start

2023-04-08 18:55:01,794 INFO Total count =0, sdkCount=0,clusterCount=0, currentLimit=-1, toExpelCount=0

2023-04-08 18:55:01,794 INFO Check over limit for ip limit rule, over limit ip count=0

2023-04-08 18:55:01,794 INFO Out dated connection ,size=0

2023-04-08 18:55:01,794 INFO Connection check task end

2023-04-08 18:55:04,798 INFO Connection check task start

2023-04-08 18:55:04,799 INFO Total count =0, sdkCount=0,clusterCount=0, currentLimit=-1, toExpelCount=0

2023-04-08 18:55:04,799 INFO Check over limit for ip limit rule, over limit ip count=0

2023-04-08 18:55:04,799 INFO Out dated connection ,size=0

2023-04-08 18:55:04,799 INFO Connection check task end

2023-04-08 18:55:07,803 INFO Connection check task start

2023-04-08 18:55:07,803 INFO Total count =0, sdkCount=0,clusterCount=0, currentLimit=-1, toExpelCount=0

2023-04-08 18:55:07,804 INFO Check over limit for ip limit rule, over limit ip count=0

2023-04-08 18:55:07,804 INFO Out dated connection ,size=0

2023-04-08 18:55:07,804 INFO Connection check task end

2023-04-08 18:55:10,809 INFO Connection check task start

2023-04-08 18:55:10,809 INFO Total count =0, sdkCount=0,clusterCount=0, currentLimit=-1, toExpelCount=0

2023-04-08 18:55:10,809 INFO Check over limit for ip limit rule, over limit ip count=0

2023-04-08 18:55:10,809 INFO Out dated connection ,size=0

2023-04-08 18:55:10,809 INFO Connection check task end

2023-04-08 18:55:13,814 INFO Connection check task start

2023-04-08 18:55:13,814 INFO Total count =0, sdkCount=0,clusterCount=0, currentLimit=-1, toExpelCount=0

2023-04-08 18:55:13,814 INFO Check over limit for ip limit rule, over limit ip count=0

2023-04-08 18:55:13,814 INFO Out dated connection ,size=0

2023-04-08 18:55:13,814 INFO Connection check task end

2023-04-08 18:55:16,819 INFO Connection check task start

2023-04-08 18:55:16,820 INFO Total count =0, sdkCount=0,clusterCount=0, currentLimit=-1, toExpelCount=0

2023-04-08 18:55:16,820 INFO Check over limit for ip limit rule, over limit ip count=0

2023-04-08 18:55:16,820 INFO Out dated connection ,size=0

2023-04-08 18:55:16,820 INFO Connection check task end

2023-04-08 18:55:19,822 INFO Connection check task start

2023-04-08 18:55:19,822 INFO Total count =0, sdkCount=0,clusterCount=0, currentLimit=-1, toExpelCount=0

2023-04-08 18:55:19,822 INFO Check over limit for ip limit rule, over limit ip count=0

2023-04-08 18:55:19,822 INFO Out dated connection ,size=0

2023-04-08 18:55:19,822 INFO Connection check task end

2023-04-08 18:55:22,827 INFO Connection check task start

2023-04-08 18:55:22,828 INFO Total count =0, sdkCount=0,clusterCount=0, currentLimit=-1, toExpelCount=0

2023-04-08 18:55:22,828 INFO Check over limit for ip limit rule, over limit ip count=0

2023-04-08 18:55:22,828 INFO Out dated connection ,size=0

2023-04-08 18:55:22,828 INFO Connection check task end

